<?xml version="1.0" encoding="UTF-8"?>
<!-- Generated by org.testng.reporters.JUnitXMLReporter -->
<testsuite hostname="Ragav" ignored="0" name="FirstTest" tests="1" failures="1" timestamp="20 Aug 2020 05:13:42 GMT" time="24.188" errors="0">
  <testcase name="loginTest" time="24.151" classname="gitTest.GitTest">
    <failure type="java.lang.ArithmeticException" message="/ by zero">
      <![CDATA[java.lang.ArithmeticException: / by zeroat gitTest.GitTest.loginTest(GitTest.java:24)... Removed 28 stack frames]]>
    </failure>
  </testcase> <!-- loginTest -->
</testsuite> <!-- FirstTest -->
