<?xml version="1.0" encoding="UTF-8"?>
<testng-results skipped="0" failed="0" ignored="0" total="1" passed="1">
  <reporter-output>
  </reporter-output>
  <suite name="Default suite" duration-ms="16855" started-at="2020-08-13T10:02:08 IST" finished-at="2020-08-13T10:02:25 IST">
    <groups>
    </groups>
    <test name="Default test" duration-ms="16855" started-at="2020-08-13T10:02:08 IST" finished-at="2020-08-13T10:02:25 IST">
      <class name="gitTest.GitTest">
        <test-method status="PASS" signature="loginTest()[pri:0, instance:gitTest.GitTest@133e16fd]" name="loginTest" duration-ms="16756" started-at="2020-08-13T10:02:08 IST" finished-at="2020-08-13T10:02:25 IST">
          <reporter-output>
          </reporter-output>
        </test-method> <!-- loginTest -->
      </class> <!-- gitTest.GitTest -->
    </test> <!-- Default test -->
  </suite> <!-- Default suite -->
</testng-results>
